<?xml version="1.0" encoding="UTF-8"?>
<!-- Generated by org.testng.reporters.JUnitReportReporter -->
<testsuite skipped="0" hostname="DESKTOP-8B3JIRQ" name="com.inetbank.testCases.TC_LoginTest_001" tests="1" failures="0" timestamp="2020-08-17T23:44:35 IST" time="2.268" errors="0">
  <testcase name="loginTest" time="2.268" classname="com.inetbank.testCases.TC_LoginTest_001"/>
  <system-out/>
</testsuite> <!-- com.inetbank.testCases.TC_LoginTest_001 -->
