<?xml version="1.0" encoding="UTF-8"?>
<!-- Generated by org.testng.reporters.JUnitReportReporter -->
<testsuite skipped="0" hostname="DESKTOP-8B3JIRQ" name="com.inetbank.testCases.TC_AddCustomerTest_003" tests="1" failures="0" timestamp="2020-08-17T23:44:35 IST" time="17.076" errors="0">
  <testcase name="addNewCustomer" time="17.076" classname="com.inetbank.testCases.TC_AddCustomerTest_003"/>
  <system-out/>
</testsuite> <!-- com.inetbank.testCases.TC_AddCustomerTest_003 -->
